1523765754362	geckodriver	INFO	geckodriver 0.19.1
1523765754373	geckodriver	INFO	Listening on 127.0.0.1:59972
1523765755434	mozrunner::runner	INFO	Running command: "/Applications/Firefox.app/Contents/MacOS/firefox-bin" "-marionette" "-profile" "/var/folders/7s/dcnwrf6d5xjc88zsr9725qqh0000gn/T/rust_mozprofile.WLpsdbmlOxsn"
1523765756320	Marionette	INFO	Enabled via --marionette
2018-04-15 14:15:57.484 plugin-container[9983:349269] *** CFMessagePort: bootstrap_register(): failed 1100 (0x44c) 'Permission denied', port = 0x9e47, name = 'com.apple.tsm.portname'
See /usr/include/servers/bootstrap_defs.h for the error codes.
2018-04-15 14:15:58.405 plugin-container[9985:349347] *** CFMessagePort: bootstrap_register(): failed 1100 (0x44c) 'Permission denied', port = 0x9847, name = 'com.apple.tsm.portname'
See /usr/include/servers/bootstrap_defs.h for the error codes.
1523765758650	Marionette	INFO	Listening on port 59983
1523765758742	Marionette	WARN	TLS certificate errors will be ignored for this session
2018-04-15 14:22:03.127 plugin-container[10045:352620] *** CFMessagePort: bootstrap_register(): failed 1100 (0x44c) 'Permission denied', port = 0x9743, name = 'com.apple.tsm.portname'
See /usr/include/servers/bootstrap_defs.h for the error codes.
2018-04-15 14:28:02.996 plugin-container[10096:355298] *** CFMessagePort: bootstrap_register(): failed 1100 (0x44c) 'Permission denied', port = 0x9653, name = 'com.apple.tsm.portname'
See /usr/include/servers/bootstrap_defs.h for the error codes.
2018-04-15 14:28:08.912 plugin-container[10097:355368] *** CFMessagePort: bootstrap_register(): failed 1100 (0x44c) 'Permission denied', port = 0x9747, name = 'com.apple.tsm.portname'
See /usr/include/servers/bootstrap_defs.h for the error codes.
1523766533039	geckodriver	INFO	geckodriver 0.19.1
1523766533049	geckodriver	INFO	Listening on 127.0.0.1:60119
1523766534100	mozrunner::runner	INFO	Running command: "/Applications/Firefox.app/Contents/MacOS/firefox-bin" "-marionette" "-profile" "/var/folders/7s/dcnwrf6d5xjc88zsr9725qqh0000gn/T/rust_mozprofile.TtPqgL2Muh1E"
1523766534654	Marionette	INFO	Enabled via --marionette
2018-04-15 14:28:55.552 plugin-container[10111:355874] *** CFMessagePort: bootstrap_register(): failed 1100 (0x44c) 'Permission denied', port = 0x9c57, name = 'com.apple.tsm.portname'
See /usr/include/servers/bootstrap_defs.h for the error codes.
1523766535970	Marionette	INFO	Listening on port 60130
1523766536076	Marionette	WARN	TLS certificate errors will be ignored for this session
2018-04-15 14:28:56.882 plugin-container[10112:355945] *** CFMessagePort: bootstrap_register(): failed 1100 (0x44c) 'Permission denied', port = 0x964f, name = 'com.apple.tsm.portname'
See /usr/include/servers/bootstrap_defs.h for the error codes.

###!!! [Child][RunMessage] Error: Channel closing: too late to send/recv, messages will be lost


###!!! [Child][RunMessage] Error: Channel closing: too late to send/recv, messages will be lost


###!!! [Child][RunMessage] Error: Channel closing: too late to send/recv, messages will be lost


###!!! [Child][RunMessage] Error: Channel closing: too late to send/recv, messages will be lost


###!!! [Child][RunMessage] Error: Channel closing: too late to send/recv, messages will be lost


###!!! [Child][RunMessage] Error: Channel closing: too late to send/recv, messages will be lost


###!!! [Child][RunMessage] Error: Channel closing: too late to send/recv, messages will be lost

1523860527999	geckodriver	INFO	geckodriver 0.19.1
1523860528009	geckodriver	INFO	Listening on 127.0.0.1:51095
1523860529085	mozrunner::runner	INFO	Running command: "/Applications/Firefox.app/Contents/MacOS/firefox-bin" "-marionette" "-profile" "/var/folders/7s/dcnwrf6d5xjc88zsr9725qqh0000gn/T/rust_mozprofile.ReaIxFoHpzy6"
1523860529622	Marionette	INFO	Enabled via --marionette
2018-04-16 16:35:30.630 plugin-container[11873:436335] *** CFMessagePort: bootstrap_register(): failed 1100 (0x44c) 'Permission denied', port = 0x9a53, name = 'com.apple.tsm.portname'
See /usr/include/servers/bootstrap_defs.h for the error codes.
1523860531042	Marionette	INFO	Listening on port 51110
1523860531164	Marionette	WARN	TLS certificate errors will be ignored for this session
2018-04-16 16:35:31.930 plugin-container[11874:436415] *** CFMessagePort: bootstrap_register(): failed 1100 (0x44c) 'Permission denied', port = 0x993b, name = 'com.apple.tsm.portname'
See /usr/include/servers/bootstrap_defs.h for the error codes.
1523860971394	geckodriver	INFO	geckodriver 0.19.1
1523860971400	geckodriver	INFO	Listening on 127.0.0.1:52901
1523860972472	mozrunner::runner	INFO	Running command: "/Applications/Firefox.app/Contents/MacOS/firefox-bin" "-marionette" "-profile" "/var/folders/7s/dcnwrf6d5xjc88zsr9725qqh0000gn/T/rust_mozprofile.YBCjsgFouasm"
1523860973104	Marionette	INFO	Enabled via --marionette
2018-04-16 16:42:54.107 plugin-container[11938:439571] *** CFMessagePort: bootstrap_register(): failed 1100 (0x44c) 'Permission denied', port = 0x9a53, name = 'com.apple.tsm.portname'
See /usr/include/servers/bootstrap_defs.h for the error codes.
1523860974408	Marionette	INFO	Listening on port 52916
1523860974476	Marionette	WARN	TLS certificate errors will be ignored for this session
2018-04-16 16:42:55.463 plugin-container[11939:439646] *** CFMessagePort: bootstrap_register(): failed 1100 (0x44c) 'Permission denied', port = 0x9b47, name = 'com.apple.tsm.portname'
See /usr/include/servers/bootstrap_defs.h for the error codes.
2018-04-16 16:43:16.041 plugin-container[11943:439890] *** CFMessagePort: bootstrap_register(): failed 1100 (0x44c) 'Permission denied', port = 0x9747, name = 'com.apple.tsm.portname'
See /usr/include/servers/bootstrap_defs.h for the error codes.
*** UTM:SVC TimerManager:registerTimer called after profile-before-change notification. Ignoring timer registration for id: telemetry_modules_ping
1523861484508	geckodriver	INFO	geckodriver 0.19.1
1523861484513	geckodriver	INFO	Listening on 127.0.0.1:55044
1523861485583	mozrunner::runner	INFO	Running command: "/Applications/Firefox.app/Contents/MacOS/firefox-bin" "-marionette" "-profile" "/var/folders/7s/dcnwrf6d5xjc88zsr9725qqh0000gn/T/rust_mozprofile.sy1fb1RYgxD2"
1523861486202	Marionette	INFO	Enabled via --marionette
2018-04-16 16:51:27.321 plugin-container[12008:443467] *** CFMessagePort: bootstrap_register(): failed 1100 (0x44c) 'Permission denied', port = 0x9a57, name = 'com.apple.tsm.portname'
See /usr/include/servers/bootstrap_defs.h for the error codes.
1523861487796	Marionette	INFO	Listening on port 55059
1523861487884	Marionette	WARN	TLS certificate errors will be ignored for this session
2018-04-16 16:51:28.438 plugin-container[12009:443541] *** CFMessagePort: bootstrap_register(): failed 1100 (0x44c) 'Permission denied', port = 0x964f, name = 'com.apple.tsm.portname'
See /usr/include/servers/bootstrap_defs.h for the error codes.
1523861616874	geckodriver	INFO	geckodriver 0.19.1
1523861616886	geckodriver	INFO	Listening on 127.0.0.1:55658
1523861617956	mozrunner::runner	INFO	Running command: "/Applications/Firefox.app/Contents/MacOS/firefox-bin" "-marionette" "-profile" "/var/folders/7s/dcnwrf6d5xjc88zsr9725qqh0000gn/T/rust_mozprofile.jLhjXqibgeh2"
1523861618594	Marionette	INFO	Enabled via --marionette
2018-04-16 16:53:39.616 plugin-container[12033:444944] *** CFMessagePort: bootstrap_register(): failed 1100 (0x44c) 'Permission denied', port = 0x9c53, name = 'com.apple.tsm.portname'
See /usr/include/servers/bootstrap_defs.h for the error codes.
1523861620104	Marionette	INFO	Listening on port 55673
1523861620118	Marionette	WARN	TLS certificate errors will be ignored for this session
2018-04-16 16:53:41.110 plugin-container[12035:445025] *** CFMessagePort: bootstrap_register(): failed 1100 (0x44c) 'Permission denied', port = 0x994f, name = 'com.apple.tsm.portname'
See /usr/include/servers/bootstrap_defs.h for the error codes.
1523861795677	geckodriver	INFO	geckodriver 0.19.1
1523861795683	geckodriver	INFO	Listening on 127.0.0.1:56455
1523861796754	mozrunner::runner	INFO	Running command: "/Applications/Firefox.app/Contents/MacOS/firefox-bin" "-marionette" "-profile" "/var/folders/7s/dcnwrf6d5xjc88zsr9725qqh0000gn/T/rust_mozprofile.9ZxRbXNMZbeX"
1523861797266	Marionette	INFO	Enabled via --marionette
2018-04-16 16:56:38.209 plugin-container[12065:446681] *** CFMessagePort: bootstrap_register(): failed 1100 (0x44c) 'Permission denied', port = 0x9953, name = 'com.apple.tsm.portname'
See /usr/include/servers/bootstrap_defs.h for the error codes.
1523861798560	Marionette	INFO	Listening on port 56470
1523861798618	Marionette	WARN	TLS certificate errors will be ignored for this session
2018-04-16 16:56:39.278 plugin-container[12066:446756] *** CFMessagePort: bootstrap_register(): failed 1100 (0x44c) 'Permission denied', port = 0x9a53, name = 'com.apple.tsm.portname'
See /usr/include/servers/bootstrap_defs.h for the error codes.
[GFX1-]: Receive IPC close with reason=AbnormalShutdown
[Child 12065, Chrome_ChildThread] WARNING: pipe error: Broken pipe: file /builds/worker/workspace/build/src/ipc/chromium/src/chrome/common/ipc_channel_posix.cc, line 709
1523862283345	geckodriver	INFO	geckodriver 0.19.1
1523862283350	geckodriver	INFO	Listening on 127.0.0.1:58482
1523862284414	mozrunner::runner	INFO	Running command: "/Applications/Firefox.app/Contents/MacOS/firefox-bin" "-marionette" "-profile" "/var/folders/7s/dcnwrf6d5xjc88zsr9725qqh0000gn/T/rust_mozprofile.6l8lAnrzGdN8"
1523862284928	Marionette	INFO	Enabled via --marionette
2018-04-16 17:04:45.864 plugin-container[12133:450430] *** CFMessagePort: bootstrap_register(): failed 1100 (0x44c) 'Permission denied', port = 0x9947, name = 'com.apple.tsm.portname'
See /usr/include/servers/bootstrap_defs.h for the error codes.
1523862286828	Marionette	INFO	Listening on port 58497
1523862286922	Marionette	WARN	TLS certificate errors will be ignored for this session
2018-04-16 17:04:47.738 plugin-container[12135:450520] *** CFMessagePort: bootstrap_register(): failed 1100 (0x44c) 'Permission denied', port = 0x9b3b, name = 'com.apple.tsm.portname'
See /usr/include/servers/bootstrap_defs.h for the error codes.
1523862680929	geckodriver	INFO	geckodriver 0.19.1
1523862680938	geckodriver	INFO	Listening on 127.0.0.1:60200
1523862682001	mozrunner::runner	INFO	Running command: "/Applications/Firefox.app/Contents/MacOS/firefox-bin" "-marionette" "-profile" "/var/folders/7s/dcnwrf6d5xjc88zsr9725qqh0000gn/T/rust_mozprofile.GczLMzeiMv3g"
1523862682738	Marionette	INFO	Enabled via --marionette
2018-04-16 17:11:24.150 plugin-container[12188:453059] *** CFMessagePort: bootstrap_register(): failed 1100 (0x44c) 'Permission denied', port = 0x9a57, name = 'com.apple.tsm.portname'
See /usr/include/servers/bootstrap_defs.h for the error codes.
1523862684484	Marionette	INFO	Listening on port 60215
1523862684518	Marionette	WARN	TLS certificate errors will be ignored for this session
2018-04-16 17:11:25.854 plugin-container[12189:453151] *** CFMessagePort: bootstrap_register(): failed 1100 (0x44c) 'Permission denied', port = 0x9553, name = 'com.apple.tsm.portname'
See /usr/include/servers/bootstrap_defs.h for the error codes.
1523862776763	geckodriver	INFO	geckodriver 0.19.1
1523862776784	geckodriver	INFO	Listening on 127.0.0.1:60670
1523862777842	mozrunner::runner	INFO	Running command: "/Applications/Firefox.app/Contents/MacOS/firefox-bin" "-marionette" "-profile" "/var/folders/7s/dcnwrf6d5xjc88zsr9725qqh0000gn/T/rust_mozprofile.4ZKgHYNPg7G2"
1523862778628	Marionette	INFO	Enabled via --marionette
2018-04-16 17:12:59.979 plugin-container[12208:454091] *** CFMessagePort: bootstrap_register(): failed 1100 (0x44c) 'Permission denied', port = 0x9a53, name = 'com.apple.tsm.portname'
See /usr/include/servers/bootstrap_defs.h for the error codes.
2018-04-16 17:13:00.772 plugin-container[12210:454162] *** CFMessagePort: bootstrap_register(): failed 1100 (0x44c) 'Permission denied', port = 0x975f, name = 'com.apple.tsm.portname'
See /usr/include/servers/bootstrap_defs.h for the error codes.
1523862781230	Marionette	INFO	Listening on port 60685
1523862781302	Marionette	WARN	TLS certificate errors will be ignored for this session
1523862939026	geckodriver	INFO	geckodriver 0.19.1
1523862939032	geckodriver	INFO	Listening on 127.0.0.1:61424
1523862940094	mozrunner::runner	INFO	Running command: "/Applications/Firefox.app/Contents/MacOS/firefox-bin" "-marionette" "-profile" "/var/folders/7s/dcnwrf6d5xjc88zsr9725qqh0000gn/T/rust_mozprofile.VQLJPjI0Tk8v"
1523862940646	Marionette	INFO	Enabled via --marionette
2018-04-16 17:15:41.743 plugin-container[12235:455404] *** CFMessagePort: bootstrap_register(): failed 1100 (0x44c) 'Permission denied', port = 0x994f, name = 'com.apple.tsm.portname'
See /usr/include/servers/bootstrap_defs.h for the error codes.
1523862942142	Marionette	INFO	Listening on port 61439
1523862942156	Marionette	WARN	TLS certificate errors will be ignored for this session
2018-04-16 17:15:43.131 plugin-container[12236:455480] *** CFMessagePort: bootstrap_register(): failed 1100 (0x44c) 'Permission denied', port = 0x9747, name = 'com.apple.tsm.portname'
See /usr/include/servers/bootstrap_defs.h for the error codes.
1523863008081	geckodriver	INFO	geckodriver 0.19.1
1523863008091	geckodriver	INFO	Listening on 127.0.0.1:61781
1523863009148	mozrunner::runner	INFO	Running command: "/Applications/Firefox.app/Contents/MacOS/firefox-bin" "-marionette" "-profile" "/var/folders/7s/dcnwrf6d5xjc88zsr9725qqh0000gn/T/rust_mozprofile.1wUfVR5DZ0Ww"
1523863009818	Marionette	INFO	Enabled via --marionette
2018-04-16 17:16:50.896 plugin-container[12250:456213] *** CFMessagePort: bootstrap_register(): failed 1100 (0x44c) 'Permission denied', port = 0x994f, name = 'com.apple.tsm.portname'
See /usr/include/servers/bootstrap_defs.h for the error codes.
2018-04-16 17:16:51.857 plugin-container[12253:456292] *** CFMessagePort: bootstrap_register(): failed 1100 (0x44c) 'Permission denied', port = 0x9853, name = 'com.apple.tsm.portname'
See /usr/include/servers/bootstrap_defs.h for the error codes.
1523863012078	Marionette	INFO	Listening on port 61796
1523863012160	Marionette	WARN	TLS certificate errors will be ignored for this session
*** UTM:SVC TimerManager:registerTimer called after profile-before-change notification. Ignoring timer registration for id: telemetry_modules_ping
1523863203251	geckodriver	INFO	geckodriver 0.19.1
1523863203256	geckodriver	INFO	Listening on 127.0.0.1:62661
1523863204329	mozrunner::runner	INFO	Running command: "/Applications/Firefox.app/Contents/MacOS/firefox-bin" "-marionette" "-profile" "/var/folders/7s/dcnwrf6d5xjc88zsr9725qqh0000gn/T/rust_mozprofile.nShIJCpjoRD2"
1523863204930	Marionette	INFO	Enabled via --marionette
2018-04-16 17:20:05.916 plugin-container[12283:457781] *** CFMessagePort: bootstrap_register(): failed 1100 (0x44c) 'Permission denied', port = 0x9b53, name = 'com.apple.tsm.portname'
See /usr/include/servers/bootstrap_defs.h for the error codes.
1523863206216	Marionette	INFO	Listening on port 62676
1523863206284	Marionette	WARN	TLS certificate errors will be ignored for this session
2018-04-16 17:20:07.132 plugin-container[12284:457853] *** CFMessagePort: bootstrap_register(): failed 1100 (0x44c) 'Permission denied', port = 0x9543, name = 'com.apple.tsm.portname'
See /usr/include/servers/bootstrap_defs.h for the error codes.
1523863589987	geckodriver	INFO	geckodriver 0.19.1
1523863589996	geckodriver	INFO	Listening on 127.0.0.1:64310
1523863591063	mozrunner::runner	INFO	Running command: "/Applications/Firefox.app/Contents/MacOS/firefox-bin" "-marionette" "-profile" "/var/folders/7s/dcnwrf6d5xjc88zsr9725qqh0000gn/T/rust_mozprofile.aed7KvBjtLom"
1523863591714	Marionette	INFO	Enabled via --marionette
2018-04-16 17:26:32.715 plugin-container[12337:460819] *** CFMessagePort: bootstrap_register(): failed 1100 (0x44c) 'Permission denied', port = 0x9a53, name = 'com.apple.tsm.portname'
See /usr/include/servers/bootstrap_defs.h for the error codes.
1523863593568	Marionette	INFO	Listening on port 64325
1523863593694	Marionette	WARN	TLS certificate errors will be ignored for this session
2018-04-16 17:26:33.899 plugin-container[12338:460900] *** CFMessagePort: bootstrap_register(): failed 1100 (0x44c) 'Permission denied', port = 0x994f, name = 'com.apple.tsm.portname'
See /usr/include/servers/bootstrap_defs.h for the error codes.
*** UTM:SVC TimerManager:registerTimer called after profile-before-change notification. Ignoring timer registration for id: telemetry_modules_ping
1523864304381	geckodriver	INFO	geckodriver 0.19.1
1523864304386	geckodriver	INFO	Listening on 127.0.0.1:50883
1523864305456	mozrunner::runner	INFO	Running command: "/Applications/Firefox.app/Contents/MacOS/firefox-bin" "-marionette" "-profile" "/var/folders/7s/dcnwrf6d5xjc88zsr9725qqh0000gn/T/rust_mozprofile.KpiLjMwltBd6"
1523864306064	Marionette	INFO	Enabled via --marionette
2018-04-16 17:38:27.037 plugin-container[12430:466214] *** CFMessagePort: bootstrap_register(): failed 1100 (0x44c) 'Permission denied', port = 0x9b47, name = 'com.apple.tsm.portname'
See /usr/include/servers/bootstrap_defs.h for the error codes.
2018-04-16 17:38:28.027 plugin-container[12432:466297] *** CFMessagePort: bootstrap_register(): failed 1100 (0x44c) 'Permission denied', port = 0x944f, name = 'com.apple.tsm.portname'
See /usr/include/servers/bootstrap_defs.h for the error codes.
1523864308234	Marionette	INFO	Listening on port 50898
1523864308330	Marionette	WARN	TLS certificate errors will be ignored for this session
*** UTM:SVC TimerManager:registerTimer called after profile-before-change notification. Ignoring timer registration for id: telemetry_modules_ping
1523864384783	geckodriver	INFO	geckodriver 0.19.1
1523864384788	geckodriver	INFO	Listening on 127.0.0.1:51294
1523864385853	mozrunner::runner	INFO	Running command: "/Applications/Firefox.app/Contents/MacOS/firefox-bin" "-marionette" "-profile" "/var/folders/7s/dcnwrf6d5xjc88zsr9725qqh0000gn/T/rust_mozprofile.iICgBRBAZU1C"
1523864386384	Marionette	INFO	Enabled via --marionette
2018-04-16 17:39:47.528 plugin-container[12448:466998] *** CFMessagePort: bootstrap_register(): failed 1100 (0x44c) 'Permission denied', port = 0x9a57, name = 'com.apple.tsm.portname'
See /usr/include/servers/bootstrap_defs.h for the error codes.
1523864388242	Marionette	INFO	Listening on port 51309
1523864388354	Marionette	WARN	TLS certificate errors will be ignored for this session
2018-04-16 17:39:48.437 plugin-container[12449:467071] *** CFMessagePort: bootstrap_register(): failed 1100 (0x44c) 'Permission denied', port = 0x9753, name = 'com.apple.tsm.portname'
See /usr/include/servers/bootstrap_defs.h for the error codes.
*** UTM:SVC TimerManager:registerTimer called after profile-before-change notification. Ignoring timer registration for id: telemetry_modules_ping
1523864647806	geckodriver	INFO	geckodriver 0.19.1
1523864647811	geckodriver	INFO	Listening on 127.0.0.1:52434
1523864648882	mozrunner::runner	INFO	Running command: "/Applications/Firefox.app/Contents/MacOS/firefox-bin" "-marionette" "-profile" "/var/folders/7s/dcnwrf6d5xjc88zsr9725qqh0000gn/T/rust_mozprofile.2elvDZUyUg6T"
1523864649498	Marionette	INFO	Enabled via --marionette
2018-04-16 17:44:10.420 plugin-container[12485:469066] *** CFMessagePort: bootstrap_register(): failed 1100 (0x44c) 'Permission denied', port = 0x9d53, name = 'com.apple.tsm.portname'
See /usr/include/servers/bootstrap_defs.h for the error codes.
1523864651176	Marionette	INFO	Listening on port 52449
1523864651268	Marionette	WARN	TLS certificate errors will be ignored for this session
2018-04-16 17:44:12.108 plugin-container[12486:469149] *** CFMessagePort: bootstrap_register(): failed 1100 (0x44c) 'Permission denied', port = 0x9643, name = 'com.apple.tsm.portname'
See /usr/include/servers/bootstrap_defs.h for the error codes.
*** UTM:SVC TimerManager:registerTimer called after profile-before-change notification. Ignoring timer registration for id: telemetry_modules_ping
1523864707894	geckodriver	INFO	geckodriver 0.19.1
1523864707899	geckodriver	INFO	Listening on 127.0.0.1:52763
1523864708969	mozrunner::runner	INFO	Running command: "/Applications/Firefox.app/Contents/MacOS/firefox-bin" "-marionette" "-profile" "/var/folders/7s/dcnwrf6d5xjc88zsr9725qqh0000gn/T/rust_mozprofile.8ZDLFDh6hXux"
1523864709578	Marionette	INFO	Enabled via --marionette
2018-04-16 17:45:10.684 plugin-container[12500:469659] *** CFMessagePort: bootstrap_register(): failed 1100 (0x44c) 'Permission denied', port = 0x9a47, name = 'com.apple.tsm.portname'
See /usr/include/servers/bootstrap_defs.h for the error codes.
1523864711282	Marionette	INFO	Listening on port 52778
1523864711364	Marionette	WARN	TLS certificate errors will be ignored for this session
2018-04-16 17:45:12.136 plugin-container[12501:469751] *** CFMessagePort: bootstrap_register(): failed 1100 (0x44c) 'Permission denied', port = 0x9657, name = 'com.apple.tsm.portname'
See /usr/include/servers/bootstrap_defs.h for the error codes.
1523864765273	geckodriver	INFO	geckodriver 0.19.1
1523864765278	geckodriver	INFO	Listening on 127.0.0.1:53082
1523864766347	mozrunner::runner	INFO	Running command: "/Applications/Firefox.app/Contents/MacOS/firefox-bin" "-marionette" "-profile" "/var/folders/7s/dcnwrf6d5xjc88zsr9725qqh0000gn/T/rust_mozprofile.oDJK2tlRQejk"
1523864766962	Marionette	INFO	Enabled via --marionette
2018-04-16 17:46:08.010 plugin-container[12515:470252] *** CFMessagePort: bootstrap_register(): failed 1100 (0x44c) 'Permission denied', port = 0x9953, name = 'com.apple.tsm.portname'
See /usr/include/servers/bootstrap_defs.h for the error codes.
1523864768898	Marionette	INFO	Listening on port 53097
1523864768950	Marionette	WARN	TLS certificate errors will be ignored for this session
2018-04-16 17:46:09.226 plugin-container[12516:470332] *** CFMessagePort: bootstrap_register(): failed 1100 (0x44c) 'Permission denied', port = 0x9847, name = 'com.apple.tsm.portname'
See /usr/include/servers/bootstrap_defs.h for the error codes.
*** UTM:SVC TimerManager:registerTimer called after profile-before-change notification. Ignoring timer registration for id: telemetry_modules_ping
1523864859815	geckodriver	INFO	geckodriver 0.19.1
1523864859820	geckodriver	INFO	Listening on 127.0.0.1:53549
1523864860888	mozrunner::runner	INFO	Running command: "/Applications/Firefox.app/Contents/MacOS/firefox-bin" "-marionette" "-profile" "/var/folders/7s/dcnwrf6d5xjc88zsr9725qqh0000gn/T/rust_mozprofile.BhKnRiZh6Mtu"
1523864861468	Marionette	INFO	Enabled via --marionette
2018-04-16 17:47:42.403 plugin-container[12537:471168] *** CFMessagePort: bootstrap_register(): failed 1100 (0x44c) 'Permission denied', port = 0x9a4f, name = 'com.apple.tsm.portname'
See /usr/include/servers/bootstrap_defs.h for the error codes.
1523864862764	Marionette	INFO	Listening on port 53564
1523864862856	Marionette	WARN	TLS certificate errors will be ignored for this session
2018-04-16 17:47:43.566 plugin-container[12538:471255] *** CFMessagePort: bootstrap_register(): failed 1100 (0x44c) 'Permission denied', port = 0x9647, name = 'com.apple.tsm.portname'
See /usr/include/servers/bootstrap_defs.h for the error codes.
1523864972632	geckodriver	INFO	geckodriver 0.19.1
1523864972636	geckodriver	INFO	Listening on 127.0.0.1:54086
1523864973697	mozrunner::runner	INFO	Running command: "/Applications/Firefox.app/Contents/MacOS/firefox-bin" "-marionette" "-profile" "/var/folders/7s/dcnwrf6d5xjc88zsr9725qqh0000gn/T/rust_mozprofile.zTfEL6T6eaaL"
1523864974200	Marionette	INFO	Enabled via --marionette
2018-04-16 17:49:35.261 plugin-container[12557:472266] *** CFMessagePort: bootstrap_register(): failed 1100 (0x44c) 'Permission denied', port = 0x9953, name = 'com.apple.tsm.portname'
See /usr/include/servers/bootstrap_defs.h for the error codes.
1523864975588	Marionette	INFO	Listening on port 54101
1523864975678	Marionette	WARN	TLS certificate errors will be ignored for this session
2018-04-16 17:49:36.455 plugin-container[12558:472347] *** CFMessagePort: bootstrap_register(): failed 1100 (0x44c) 'Permission denied', port = 0x9743, name = 'com.apple.tsm.portname'
See /usr/include/servers/bootstrap_defs.h for the error codes.
1523926518683	geckodriver	INFO	geckodriver 0.19.1
1523926518694	geckodriver	INFO	Listening on 127.0.0.1:54059
1523926519776	mozrunner::runner	INFO	Running command: "/Applications/Firefox.app/Contents/MacOS/firefox-bin" "-marionette" "-profile" "/var/folders/7s/dcnwrf6d5xjc88zsr9725qqh0000gn/T/rust_mozprofile.Lp6JUZD4cVn3"
1523926520700	Marionette	INFO	Enabled via --marionette
2018-04-17 10:55:21.882 plugin-container[13221:507749] *** CFMessagePort: bootstrap_register(): failed 1100 (0x44c) 'Permission denied', port = 0x9953, name = 'com.apple.tsm.portname'
See /usr/include/servers/bootstrap_defs.h for the error codes.
1523926522394	Marionette	INFO	Listening on port 54075
1523926522466	Marionette	WARN	TLS certificate errors will be ignored for this session
2018-04-17 10:55:23.182 plugin-container[13222:507829] *** CFMessagePort: bootstrap_register(): failed 1100 (0x44c) 'Permission denied', port = 0x9947, name = 'com.apple.tsm.portname'
See /usr/include/servers/bootstrap_defs.h for the error codes.
1523926930081	geckodriver	INFO	geckodriver 0.19.1
1523926930090	geckodriver	INFO	Listening on 127.0.0.1:56556
1523926931156	mozrunner::runner	INFO	Running command: "/Applications/Firefox.app/Contents/MacOS/firefox-bin" "-marionette" "-profile" "/var/folders/7s/dcnwrf6d5xjc88zsr9725qqh0000gn/T/rust_mozprofile.D1FRYB7TDwwF"
1523926931746	Marionette	INFO	Enabled via --marionette
2018-04-17 11:02:12.777 plugin-container[13300:512381] *** CFMessagePort: bootstrap_register(): failed 1100 (0x44c) 'Permission denied', port = 0x984f, name = 'com.apple.tsm.portname'
See /usr/include/servers/bootstrap_defs.h for the error codes.
1523926933144	Marionette	INFO	Listening on port 56571
1523926933242	Marionette	WARN	TLS certificate errors will be ignored for this session
2018-04-17 11:02:14.377 plugin-container[13301:512457] *** CFMessagePort: bootstrap_register(): failed 1100 (0x44c) 'Permission denied', port = 0x9957, name = 'com.apple.tsm.portname'
See /usr/include/servers/bootstrap_defs.h for the error codes.
1523927143101	geckodriver	INFO	geckodriver 0.19.1
1523927143112	geckodriver	INFO	Listening on 127.0.0.1:57813
1523927144177	mozrunner::runner	INFO	Running command: "/Applications/Firefox.app/Contents/MacOS/firefox-bin" "-marionette" "-profile" "/var/folders/7s/dcnwrf6d5xjc88zsr9725qqh0000gn/T/rust_mozprofile.LhBU7UAWuO9L"
1523927144796	Marionette	INFO	Enabled via --marionette
2018-04-17 11:05:46.059 plugin-container[13337:515110] *** CFMessagePort: bootstrap_register(): failed 1100 (0x44c) 'Permission denied', port = 0x994f, name = 'com.apple.tsm.portname'
See /usr/include/servers/bootstrap_defs.h for the error codes.
1523927146370	Marionette	INFO	Listening on port 57832
1523927146414	Marionette	WARN	TLS certificate errors will be ignored for this session
2018-04-17 11:05:47.268 plugin-container[13338:515199] *** CFMessagePort: bootstrap_register(): failed 1100 (0x44c) 'Permission denied', port = 0x9653, name = 'com.apple.tsm.portname'
See /usr/include/servers/bootstrap_defs.h for the error codes.
*** UTM:SVC TimerManager:registerTimer called after profile-before-change notification. Ignoring timer registration for id: telemetry_modules_ping
1523927266152	geckodriver	INFO	geckodriver 0.19.1
1523927266180	geckodriver	INFO	Listening on 127.0.0.1:58653
1523927267230	mozrunner::runner	INFO	Running command: "/Applications/Firefox.app/Contents/MacOS/firefox-bin" "-marionette" "-profile" "/var/folders/7s/dcnwrf6d5xjc88zsr9725qqh0000gn/T/rust_mozprofile.jCcGgWO43hoP"
1523927267884	Marionette	INFO	Enabled via --marionette
2018-04-17 11:07:48.855 plugin-container[13365:516864] *** CFMessagePort: bootstrap_register(): failed 1100 (0x44c) 'Permission denied', port = 0x994f, name = 'com.apple.tsm.portname'
See /usr/include/servers/bootstrap_defs.h for the error codes.
1523927269222	Marionette	INFO	Listening on port 58670
1523927269322	Marionette	WARN	TLS certificate errors will be ignored for this session
2018-04-17 11:07:50.072 plugin-container[13366:516952] *** CFMessagePort: bootstrap_register(): failed 1100 (0x44c) 'Permission denied', port = 0x9647, name = 'com.apple.tsm.portname'
See /usr/include/servers/bootstrap_defs.h for the error codes.
1523927800765	geckodriver	INFO	geckodriver 0.19.1
1523927800781	geckodriver	INFO	Listening on 127.0.0.1:61867
1523927801826	mozrunner::runner	INFO	Running command: "/Applications/Firefox.app/Contents/MacOS/firefox-bin" "-marionette" "-profile" "/var/folders/7s/dcnwrf6d5xjc88zsr9725qqh0000gn/T/rust_mozprofile.qC7pzPi3yenC"
1523927802706	Marionette	INFO	Enabled via --marionette
2018-04-17 11:16:44.158 plugin-container[13446:522068] *** CFMessagePort: bootstrap_register(): failed 1100 (0x44c) 'Permission denied', port = 0x9c47, name = 'com.apple.tsm.portname'
See /usr/include/servers/bootstrap_defs.h for the error codes.
1523927804846	Marionette	INFO	Listening on port 61887
2018-04-17 11:16:44.887 plugin-container[13447:522155] *** CFMessagePort: bootstrap_register(): failed 1100 (0x44c) 'Permission denied', port = 0x994f, name = 'com.apple.tsm.portname'
See /usr/include/servers/bootstrap_defs.h for the error codes.
1523927804930	Marionette	WARN	TLS certificate errors will be ignored for this session
1523930972230	geckodriver	INFO	geckodriver 0.19.1
1523930972240	geckodriver	INFO	Listening on 127.0.0.1:61095
1523930973297	mozrunner::runner	INFO	Running command: "/Applications/Firefox.app/Contents/MacOS/firefox-bin" "-marionette" "-profile" "/var/folders/7s/dcnwrf6d5xjc88zsr9725qqh0000gn/T/rust_mozprofile.mVDSGmV8sD0M"
1523930974094	Marionette	INFO	Enabled via --marionette
2018-04-17 12:09:35.287 plugin-container[14681:551283] *** CFMessagePort: bootstrap_register(): failed 1100 (0x44c) 'Permission denied', port = 0x9953, name = 'com.apple.tsm.portname'
See /usr/include/servers/bootstrap_defs.h for the error codes.
1523930975746	Marionette	INFO	Listening on port 61110
1523930975802	Marionette	WARN	TLS certificate errors will be ignored for this session
2018-04-17 12:09:36.702 plugin-container[14682:551374] *** CFMessagePort: bootstrap_register(): failed 1100 (0x44c) 'Permission denied', port = 0x984b, name = 'com.apple.tsm.portname'
See /usr/include/servers/bootstrap_defs.h for the error codes.
1523931383700	geckodriver	INFO	geckodriver 0.19.1
1523931383705	geckodriver	INFO	Listening on 127.0.0.1:62793
1523931384778	mozrunner::runner	INFO	Running command: "/Applications/Firefox.app/Contents/MacOS/firefox-bin" "-marionette" "-profile" "/var/folders/7s/dcnwrf6d5xjc88zsr9725qqh0000gn/T/rust_mozprofile.qnzYqduhvpuN"
1523931385406	Marionette	INFO	Enabled via --marionette
2018-04-17 12:16:26.370 plugin-container[14740:554659] *** CFMessagePort: bootstrap_register(): failed 1100 (0x44c) 'Permission denied', port = 0x994f, name = 'com.apple.tsm.portname'
See /usr/include/servers/bootstrap_defs.h for the error codes.
1523931386826	Marionette	INFO	Listening on port 62804
1523931386856	Marionette	WARN	TLS certificate errors will be ignored for this session
2018-04-17 12:16:27.737 plugin-container[14741:554757] *** CFMessagePort: bootstrap_register(): failed 1100 (0x44c) 'Permission denied', port = 0x964f, name = 'com.apple.tsm.portname'
See /usr/include/servers/bootstrap_defs.h for the error codes.
1523931585526	geckodriver	INFO	geckodriver 0.19.1
1523931585547	geckodriver	INFO	Listening on 127.0.0.1:63668
1523931586602	mozrunner::runner	INFO	Running command: "/Applications/Firefox.app/Contents/MacOS/firefox-bin" "-marionette" "-profile" "/var/folders/7s/dcnwrf6d5xjc88zsr9725qqh0000gn/T/rust_mozprofile.wo3OdynKmyBn"
1523931587296	Marionette	INFO	Enabled via --marionette
2018-04-17 12:19:48.472 plugin-container[14775:556909] *** CFMessagePort: bootstrap_register(): failed 1100 (0x44c) 'Permission denied', port = 0x994f, name = 'com.apple.tsm.portname'
See /usr/include/servers/bootstrap_defs.h for the error codes.
1523931588950	Marionette	INFO	Listening on port 63683
1523931589026	Marionette	WARN	TLS certificate errors will be ignored for this session
2018-04-17 12:19:49.804 plugin-container[14776:556993] *** CFMessagePort: bootstrap_register(): failed 1100 (0x44c) 'Permission denied', port = 0x983f, name = 'com.apple.tsm.portname'
See /usr/include/servers/bootstrap_defs.h for the error codes.
1523931810476	geckodriver	INFO	geckodriver 0.19.1
1523931810485	geckodriver	INFO	Listening on 127.0.0.1:64671
1523931811554	mozrunner::runner	INFO	Running command: "/Applications/Firefox.app/Contents/MacOS/firefox-bin" "-marionette" "-profile" "/var/folders/7s/dcnwrf6d5xjc88zsr9725qqh0000gn/T/rust_mozprofile.0oBHOSi6y82H"
1523931812164	Marionette	INFO	Enabled via --marionette
2018-04-17 12:23:33.208 plugin-container[14817:559754] *** CFMessagePort: bootstrap_register(): failed 1100 (0x44c) 'Permission denied', port = 0x9a57, name = 'com.apple.tsm.portname'
See /usr/include/servers/bootstrap_defs.h for the error codes.
1523931813590	Marionette	INFO	Listening on port 64687
1523931813618	Marionette	WARN	TLS certificate errors will be ignored for this session
2018-04-17 12:23:34.532 plugin-container[14818:559842] *** CFMessagePort: bootstrap_register(): failed 1100 (0x44c) 'Permission denied', port = 0x9853, name = 'com.apple.tsm.portname'
See /usr/include/servers/bootstrap_defs.h for the error codes.
1523931977371	geckodriver	INFO	geckodriver 0.19.1
1523931977379	geckodriver	INFO	Listening on 127.0.0.1:65353
1523931978445	mozrunner::runner	INFO	Running command: "/Applications/Firefox.app/Contents/MacOS/firefox-bin" "-marionette" "-profile" "/var/folders/7s/dcnwrf6d5xjc88zsr9725qqh0000gn/T/rust_mozprofile.zbOnE9DnJVHy"
1523931979100	Marionette	INFO	Enabled via --marionette
2018-04-17 12:26:20.239 plugin-container[14843:561036] *** CFMessagePort: bootstrap_register(): failed 1100 (0x44c) 'Permission denied', port = 0x9d47, name = 'com.apple.tsm.portname'
See /usr/include/servers/bootstrap_defs.h for the error codes.
1523931980680	Marionette	INFO	Listening on port 65365
1523931980710	Marionette	WARN	TLS certificate errors will be ignored for this session
2018-04-17 12:26:21.628 plugin-container[14844:561127] *** CFMessagePort: bootstrap_register(): failed 1100 (0x44c) 'Permission denied', port = 0x9653, name = 'com.apple.tsm.portname'
See /usr/include/servers/bootstrap_defs.h for the error codes.
1523932097693	geckodriver	INFO	geckodriver 0.19.1
1523932097706	geckodriver	INFO	Listening on 127.0.0.1:49473
1523932098765	mozrunner::runner	INFO	Running command: "/Applications/Firefox.app/Contents/MacOS/firefox-bin" "-marionette" "-profile" "/var/folders/7s/dcnwrf6d5xjc88zsr9725qqh0000gn/T/rust_mozprofile.G8XnxHSH3ADX"
1523932099498	Marionette	INFO	Enabled via --marionette
2018-04-17 12:28:20.602 plugin-container[14870:562399] *** CFMessagePort: bootstrap_register(): failed 1100 (0x44c) 'Permission denied', port = 0x9a53, name = 'com.apple.tsm.portname'
See /usr/include/servers/bootstrap_defs.h for the error codes.
1523932101124	Marionette	INFO	Listening on port 49488
1523932101170	Marionette	WARN	TLS certificate errors will be ignored for this session
2018-04-17 12:28:21.866 plugin-container[14871:562480] *** CFMessagePort: bootstrap_register(): failed 1100 (0x44c) 'Permission denied', port = 0x974b, name = 'com.apple.tsm.portname'
See /usr/include/servers/bootstrap_defs.h for the error codes.
1523932186074	geckodriver	INFO	geckodriver 0.19.1
1523932186083	geckodriver	INFO	Listening on 127.0.0.1:49876
1523932187148	mozrunner::runner	INFO	Running command: "/Applications/Firefox.app/Contents/MacOS/firefox-bin" "-marionette" "-profile" "/var/folders/7s/dcnwrf6d5xjc88zsr9725qqh0000gn/T/rust_mozprofile.03iVUVXzETPu"
1523932187792	Marionette	INFO	Enabled via --marionette
2018-04-17 12:29:48.782 plugin-container[14890:563602] *** CFMessagePort: bootstrap_register(): failed 1100 (0x44c) 'Permission denied', port = 0x9c53, name = 'com.apple.tsm.portname'
See /usr/include/servers/bootstrap_defs.h for the error codes.
1523932189148	Marionette	INFO	Listening on port 49891
1523932189222	Marionette	WARN	TLS certificate errors will be ignored for this session
2018-04-17 12:29:49.965 plugin-container[14891:563677] *** CFMessagePort: bootstrap_register(): failed 1100 (0x44c) 'Permission denied', port = 0x9653, name = 'com.apple.tsm.portname'
See /usr/include/servers/bootstrap_defs.h for the error codes.
2018-04-17 12:35:15.614 plugin-container[14934:565951] *** CFMessagePort: bootstrap_register(): failed 1100 (0x44c) 'Permission denied', port = 0x9947, name = 'com.apple.tsm.portname'
See /usr/include/servers/bootstrap_defs.h for the error codes.
1523933052149	geckodriver	INFO	geckodriver 0.19.1
1523933052160	geckodriver	INFO	Listening on 127.0.0.1:53255
1523933053220	mozrunner::runner	INFO	Running command: "/Applications/Firefox.app/Contents/MacOS/firefox-bin" "-marionette" "-profile" "/var/folders/7s/dcnwrf6d5xjc88zsr9725qqh0000gn/T/rust_mozprofile.zKnp5kfwbHDT"
1523933053864	Marionette	INFO	Enabled via --marionette
2018-04-17 12:44:15.020 plugin-container[15021:570121] *** CFMessagePort: bootstrap_register(): failed 1100 (0x44c) 'Permission denied', port = 0x9b53, name = 'com.apple.tsm.portname'
See /usr/include/servers/bootstrap_defs.h for the error codes.
1523933055494	Marionette	INFO	Listening on port 53270
1523933055606	Marionette	WARN	TLS certificate errors will be ignored for this session
2018-04-17 12:44:16.324 plugin-container[15022:570229] *** CFMessagePort: bootstrap_register(): failed 1100 (0x44c) 'Permission denied', port = 0x9847, name = 'com.apple.tsm.portname'
See /usr/include/servers/bootstrap_defs.h for the error codes.
1523933427813	geckodriver	INFO	geckodriver 0.19.1
1523933427821	geckodriver	INFO	Listening on 127.0.0.1:54676
1523933428890	mozrunner::runner	INFO	Running command: "/Applications/Firefox.app/Contents/MacOS/firefox-bin" "-marionette" "-profile" "/var/folders/7s/dcnwrf6d5xjc88zsr9725qqh0000gn/T/rust_mozprofile.GBs6ECNXKlXR"
1523933429554	Marionette	INFO	Enabled via --marionette
2018-04-17 12:50:30.783 plugin-container[15071:572664] *** CFMessagePort: bootstrap_register(): failed 1100 (0x44c) 'Permission denied', port = 0x994f, name = 'com.apple.tsm.portname'
See /usr/include/servers/bootstrap_defs.h for the error codes.
1523933431154	Marionette	INFO	Listening on port 54687
1523933431228	Marionette	WARN	TLS certificate errors will be ignored for this session
2018-04-17 12:50:31.958 plugin-container[15072:572756] *** CFMessagePort: bootstrap_register(): failed 1100 (0x44c) 'Permission denied', port = 0x954f, name = 'com.apple.tsm.portname'
See /usr/include/servers/bootstrap_defs.h for the error codes.
1523933520050	geckodriver	INFO	geckodriver 0.19.1
1523933520059	geckodriver	INFO	Listening on 127.0.0.1:55083
1523933521127	mozrunner::runner	INFO	Running command: "/Applications/Firefox.app/Contents/MacOS/firefox-bin" "-marionette" "-profile" "/var/folders/7s/dcnwrf6d5xjc88zsr9725qqh0000gn/T/rust_mozprofile.8jwgEg7CNEXd"
1523933521790	Marionette	INFO	Enabled via --marionette
2018-04-17 12:52:03.095 plugin-container[15094:573590] *** CFMessagePort: bootstrap_register(): failed 1100 (0x44c) 'Permission denied', port = 0x9c43, name = 'com.apple.tsm.portname'
See /usr/include/servers/bootstrap_defs.h for the error codes.
1523933523470	Marionette	INFO	Listening on port 55098
1523933523570	Marionette	WARN	TLS certificate errors will be ignored for this session
2018-04-17 12:52:04.390 plugin-container[15095:573678] *** CFMessagePort: bootstrap_register(): failed 1100 (0x44c) 'Permission denied', port = 0x9a53, name = 'com.apple.tsm.portname'
See /usr/include/servers/bootstrap_defs.h for the error codes.
*** UTM:SVC TimerManager:registerTimer called after profile-before-change notification. Ignoring timer registration for id: telemetry_modules_ping
1523933572487	geckodriver	INFO	geckodriver 0.19.1
1523933572496	geckodriver	INFO	Listening on 127.0.0.1:55369
1523933573559	mozrunner::runner	INFO	Running command: "/Applications/Firefox.app/Contents/MacOS/firefox-bin" "-marionette" "-profile" "/var/folders/7s/dcnwrf6d5xjc88zsr9725qqh0000gn/T/rust_mozprofile.xPMxjiCgqLxe"
1523933574128	Marionette	INFO	Enabled via --marionette
2018-04-17 12:52:55.052 plugin-container[15111:574340] *** CFMessagePort: bootstrap_register(): failed 1100 (0x44c) 'Permission denied', port = 0x9b4f, name = 'com.apple.tsm.portname'
See /usr/include/servers/bootstrap_defs.h for the error codes.
1523933575460	Marionette	INFO	Listening on port 55384
1523933575534	Marionette	WARN	TLS certificate errors will be ignored for this session
2018-04-17 12:52:56.380 plugin-container[15112:574420] *** CFMessagePort: bootstrap_register(): failed 1100 (0x44c) 'Permission denied', port = 0x9653, name = 'com.apple.tsm.portname'
See /usr/include/servers/bootstrap_defs.h for the error codes.
1523933693051	geckodriver	INFO	geckodriver 0.19.1
1523933693058	geckodriver	INFO	Listening on 127.0.0.1:55877
1523933694116	mozrunner::runner	INFO	Running command: "/Applications/Firefox.app/Contents/MacOS/firefox-bin" "-marionette" "-profile" "/var/folders/7s/dcnwrf6d5xjc88zsr9725qqh0000gn/T/rust_mozprofile.cGJ2sCrJg9Ri"
1523933694692	Marionette	INFO	Enabled via --marionette
2018-04-17 12:54:55.750 plugin-container[15132:575447] *** CFMessagePort: bootstrap_register(): failed 1100 (0x44c) 'Permission denied', port = 0x9d43, name = 'com.apple.tsm.portname'
See /usr/include/servers/bootstrap_defs.h for the error codes.
1523933696198	Marionette	INFO	Listening on port 55892
1523933696220	Marionette	WARN	TLS certificate errors will be ignored for this session
2018-04-17 12:54:57.170 plugin-container[15133:575530] *** CFMessagePort: bootstrap_register(): failed 1100 (0x44c) 'Permission denied', port = 0x964b, name = 'com.apple.tsm.portname'
See /usr/include/servers/bootstrap_defs.h for the error codes.
1523935739560	addons.productaddons	WARN	Failed downloading XML, status: 0, reason: error
1523935739570	addons.productaddons	WARN	Failed downloading via XHR, status: 0, reason: error
1523935739572	addons.productaddons	WARN	Failed downloading via XHR, status: 0, reason: error
1523935739860	addons.productaddons	WARN	Failed downloading XML, status: 0, reason: error
1523935739868	addons.productaddons	WARN	Failed downloading via XHR, status: 0, reason: error
1523935739872	addons.productaddons	WARN	Failed downloading via XHR, status: 0, reason: error
2018-04-17 13:29:05.766 plugin-container[15162:577951] *** CFMessagePort: bootstrap_register(): failed 1100 (0x44c) 'Permission denied', port = 0x9657, name = 'com.apple.tsm.portname'
See /usr/include/servers/bootstrap_defs.h for the error codes.
